<?xml version="1.0" encoding="UTF-8"?>
<testng-results skipped="0" failed="0" total="1" passed="1">
  <reporter-output>
  </reporter-output>
  <suite name="TestAll" duration-ms="6775" started-at="2017-11-05T03:04:28Z" finished-at="2017-11-05T03:04:35Z">
    <groups>
    </groups>
    <test name="case1" duration-ms="6775" started-at="2017-11-05T03:04:28Z" finished-at="2017-11-05T03:04:35Z">
      <class name="com.guoya.FirstNewTestNG">
        <test-method status="PASS" signature="beforeClass()[pri:0, instance:com.guoya.FirstNewTestNG@677d8938]" name="beforeClass" is-config="true" duration-ms="5913" started-at="2017-11-05T11:04:28Z" finished-at="2017-11-05T11:04:34Z">
          <reporter-output>
          </reporter-output>
        </test-method> <!-- beforeClass -->
        <test-method status="PASS" signature="username()[pri:0, instance:com.guoya.FirstNewTestNG@677d8938]" name="username" duration-ms="850" started-at="2017-11-05T11:04:34Z" finished-at="2017-11-05T11:04:35Z">
          <reporter-output>
          </reporter-output>
        </test-method> <!-- username -->
        <test-method status="PASS" signature="afterClass()[pri:0, instance:com.guoya.FirstNewTestNG@677d8938]" name="afterClass" is-config="true" duration-ms="0" started-at="2017-11-05T11:04:35Z" finished-at="2017-11-05T11:04:35Z">
          <reporter-output>
          </reporter-output>
        </test-method> <!-- afterClass -->
      </class> <!-- com.guoya.FirstNewTestNG -->
    </test> <!-- case1 -->
  </suite> <!-- TestAll -->
</testng-results>
